2025-04-22 10:37:45,656 - CoverFox -INFO - Welcome to CoverFox Testing
2025-04-22 10:37:53,699 - CoverFox -INFO - Launching Browser
2025-04-22 10:37:54,462 - CoverFox -INFO - Clicking on Gender
2025-04-22 10:37:55,101 - CoverFox -INFO - Clicking on next button health plan page
2025-04-22 10:37:57,460 - CoverFox -INFO - Handle age drop down
2025-04-22 10:37:57,639 - CoverFox -INFO - Clicking on next button of member details page
2025-04-22 10:37:58,207 - CoverFox -INFO - Enter Pincode: 
2025-04-22 10:37:58,454 - CoverFox -INFO - Enter Mobile number: 
2025-04-22 10:37:58,583 - CoverFox -INFO - Clicking on continue button
2025-04-22 10:38:02,707 - CoverFox -INFO - Validating CoverFoxPlan
2025-04-22 10:38:02,964 - CoverFox -INFO - Closing Browser
2025-04-22 10:41:28,286 - CoverFox -INFO - Welcome to CoverFox Testing
2025-04-22 10:41:42,867 - CoverFox -INFO - Launching Browser
2025-04-22 10:41:44,231 - CoverFox -INFO - Clicking on Gender
2025-04-22 10:41:44,953 - CoverFox -INFO - Clicking on next button health plan page
2025-04-22 10:41:47,543 - CoverFox -INFO - Handle age drop down
2025-04-22 10:41:47,657 - CoverFox -INFO - Clicking on next button of member details page
2025-04-22 10:41:48,268 - CoverFox -INFO - Enter Pincode: 
2025-04-22 10:41:48,531 - CoverFox -INFO - Enter Mobile number: 
2025-04-22 10:41:48,649 - CoverFox -INFO - Clicking on continue button
2025-04-22 10:41:52,785 - CoverFox -INFO - Validating CoverFoxPlan
2025-04-22 10:41:53,077 - CoverFox -INFO - Closing Browser
2025-04-24 08:33:43,944 - CoverFox -INFO - Welcome to CoverFox Testing
2025-04-24 08:33:44,243 - CoverFox -INFO - Welcome to CoverFox Testing
2025-04-24 08:33:53,844 - CoverFox -INFO - Launching Browser
2025-04-24 08:33:53,920 - CoverFox -INFO - Launching Browser
2025-04-24 08:33:54,827 - CoverFox -INFO - Clicking on Gender
2025-04-24 08:33:54,882 - CoverFox -INFO - Clicking on Gender
2025-04-24 08:33:55,641 - CoverFox -INFO - Clicking on next button health plan page
2025-04-24 08:33:55,728 - CoverFox -INFO - Clicking on next button health plan page
2025-04-24 08:33:59,368 - CoverFox -INFO - Handle age drop down
2025-04-24 08:33:59,389 - CoverFox -INFO - Handle age drop down
2025-04-24 08:33:59,506 - CoverFox -INFO - Clicking on next button of member details page
2025-04-24 08:33:59,539 - CoverFox -INFO - Clicking on next button of member details page
2025-04-24 08:34:00,255 - CoverFox -INFO - Enter Pincode: 
2025-04-24 08:34:00,255 - CoverFox -INFO - Enter Pincode: 
2025-04-24 08:34:00,551 - CoverFox -INFO - Enter Mobile number: 
2025-04-24 08:34:00,555 - CoverFox -INFO - Enter Mobile number: 
2025-04-24 08:34:00,723 - CoverFox -INFO - Clicking on continue button
2025-04-24 08:34:00,751 - CoverFox -INFO - Clicking on continue button
2025-04-24 08:34:04,856 - CoverFox -INFO - Validating CoverFoxPlan
2025-04-24 08:34:04,907 - CoverFox -INFO - Validating CoverFoxPlan
2025-04-24 08:34:05,113 - CoverFox -INFO - Closing Browser
2025-04-24 08:34:05,340 - CoverFox -INFO - Closing Browser
2025-04-24 08:36:48,309 - CoverFox -INFO - Welcome to CoverFox Testing
2025-04-24 08:36:53,999 - CoverFox -INFO - Launching Browser
2025-04-24 08:36:54,632 - CoverFox -INFO - Clicking on Gender
2025-04-24 08:36:55,271 - CoverFox -INFO - Clicking on next button health plan page
2025-04-24 08:36:56,676 - CoverFox -INFO - Handle age drop down
2025-04-24 08:36:56,752 - CoverFox -INFO - Clicking on next button of member details page
2025-04-24 08:36:57,293 - CoverFox -INFO - Enter Pincode: 
2025-04-24 08:36:57,505 - CoverFox -INFO - Enter Mobile number: 
2025-04-24 08:36:57,627 - CoverFox -INFO - Clicking on continue button
2025-04-24 08:37:01,732 - CoverFox -INFO - Validating CoverFoxPlan
2025-04-24 08:37:01,955 - CoverFox -INFO - Closing Browser
